INFO 2026-06-22 00:27:14,607 signals 17448 15212 SUCCESSFUL_LOGIN: username=app-admin ip=None user_agent=
INFO 2026-06-22 00:27:16,362 signals 17448 15212 SUCCESSFUL_LOGIN: username=employee ip=None user_agent=
INFO 2026-06-22 00:27:16,366 signals 17448 15212 SUCCESSFUL_LOGIN: username=app-admin ip=None user_agent=
INFO 2026-06-22 00:27:18,083 signals 17448 15212 SUCCESSFUL_LOGIN: username=employee ip=None user_agent=
INFO 2026-06-22 00:27:19,847 signals 17448 15212 SUCCESSFUL_LOGIN: username=employee ip=None user_agent=
INFO 2026-06-22 00:27:21,641 signals 17448 15212 SUCCESSFUL_LOGIN: username=employee ip=None user_agent=
INFO 2026-06-22 00:27:23,404 signals 17448 15212 SUCCESSFUL_LOGIN: username=employee ip=None user_agent=
INFO 2026-06-22 00:27:25,130 signals 17448 15212 SUCCESSFUL_LOGIN: username=other ip=None user_agent=
INFO 2026-06-22 00:27:26,822 signals 17448 15212 SUCCESSFUL_LOGIN: username=other ip=None user_agent=
INFO 2026-06-22 00:27:28,510 signals 17448 15212 SUCCESSFUL_LOGIN: username=employee ip=None user_agent=
INFO 2026-06-22 00:27:31,874 signals 17448 15212 SUCCESSFUL_LOGIN: username=employee ip=None user_agent=
INFO 2026-06-22 00:27:31,884 signals 17448 15212 SUCCESSFUL_LOGIN: username=other ip=None user_agent=
INFO 2026-06-22 00:27:33,582 signals 17448 15212 SUCCESSFUL_LOGIN: username=employee ip=None user_agent=
INFO 2026-06-22 00:27:33,586 signals 17448 15212 SUCCESSFUL_LOGIN: username=support ip=None user_agent=
INFO 2026-06-22 00:27:36,995 signals 17448 15212 SUCCESSFUL_LOGIN: username=support ip=None user_agent=
INFO 2026-06-22 00:27:38,663 signals 17448 15212 SUCCESSFUL_LOGIN: username=support ip=None user_agent=
INFO 2026-06-22 00:27:42,065 signals 17448 15212 SUCCESSFUL_LOGIN: username=employee ip=None user_agent=
INFO 2026-06-22 00:27:42,086 signals 17448 15212 LOGOUT: username=employee ip=None user_agent=
INFO 2026-06-22 00:27:42,502 signals 17448 15212 SUCCESSFUL_LOGIN: username=django-admin ip=None user_agent=
INFO 2026-06-22 00:32:35,869 signals 7840 4544 SUCCESSFUL_LOGIN: username=admin ip=127.0.0.1 user_agent=Mozilla/5.0 (Windows NT 10.0; Win64; x64) AppleWebKit/537.36 (KHTML, like Gecko) Chrome/149.0.0.0 Safari/537.36
INFO 2026-06-22 00:42:16,406 signals 13740 6196 SUCCESSFUL_LOGIN: username=admin ip=127.0.0.1 user_agent=Mozilla/5.0 (Windows NT 10.0; Win64; x64) AppleWebKit/537.36 (KHTML, like Gecko) Chrome/149.0.0.0 Safari/537.36
INFO 2026-06-22 00:44:30,573 signals 2464 8904 SUCCESSFUL_LOGIN: username=app-admin ip=None user_agent=
INFO 2026-06-22 00:44:32,314 signals 2464 8904 SUCCESSFUL_LOGIN: username=employee ip=None user_agent=
INFO 2026-06-22 00:44:32,318 signals 2464 8904 SUCCESSFUL_LOGIN: username=app-admin ip=None user_agent=
INFO 2026-06-22 00:44:34,021 signals 2464 8904 SUCCESSFUL_LOGIN: username=employee ip=None user_agent=
INFO 2026-06-22 00:44:35,756 signals 2464 8904 SUCCESSFUL_LOGIN: username=employee ip=None user_agent=
INFO 2026-06-22 00:44:37,489 signals 2464 8904 SUCCESSFUL_LOGIN: username=employee ip=None user_agent=
INFO 2026-06-22 00:44:39,250 signals 2464 8904 SUCCESSFUL_LOGIN: username=employee ip=None user_agent=
INFO 2026-06-22 00:44:40,986 signals 2464 8904 SUCCESSFUL_LOGIN: username=other ip=None user_agent=
INFO 2026-06-22 00:44:42,690 signals 2464 8904 SUCCESSFUL_LOGIN: username=other ip=None user_agent=
INFO 2026-06-22 00:44:44,437 signals 2464 8904 SUCCESSFUL_LOGIN: username=employee ip=None user_agent=
INFO 2026-06-22 00:44:47,815 signals 2464 8904 SUCCESSFUL_LOGIN: username=employee ip=None user_agent=
INFO 2026-06-22 00:44:47,822 signals 2464 8904 SUCCESSFUL_LOGIN: username=other ip=None user_agent=
INFO 2026-06-22 00:44:49,517 signals 2464 8904 SUCCESSFUL_LOGIN: username=employee ip=None user_agent=
INFO 2026-06-22 00:44:49,520 signals 2464 8904 SUCCESSFUL_LOGIN: username=support ip=None user_agent=
INFO 2026-06-22 00:44:52,908 signals 2464 8904 SUCCESSFUL_LOGIN: username=support ip=None user_agent=
INFO 2026-06-22 00:44:54,639 signals 2464 8904 SUCCESSFUL_LOGIN: username=support ip=None user_agent=
INFO 2026-06-22 00:44:58,084 signals 2464 8904 SUCCESSFUL_LOGIN: username=employee ip=None user_agent=
INFO 2026-06-22 00:44:58,106 signals 2464 8904 LOGOUT: username=employee ip=None user_agent=
INFO 2026-06-22 00:44:58,546 signals 2464 8904 SUCCESSFUL_LOGIN: username=django-admin ip=None user_agent=
INFO 2026-06-22 00:54:01,666 signals 20704 19908 SUCCESSFUL_LOGIN: username=support ip=None user_agent=
INFO 2026-06-22 00:54:04,452 signals 20704 19908 SUCCESSFUL_LOGIN: username=support ip=None user_agent=
INFO 2026-06-22 00:54:05,763 signals 20704 19908 SUCCESSFUL_LOGIN: username=employee ip=None user_agent=
INFO 2026-06-22 00:54:07,134 signals 20704 19908 SUCCESSFUL_LOGIN: username=support ip=None user_agent=
INFO 2026-06-22 00:54:07,139 signals 20704 19908 SUCCESSFUL_LOGIN: username=admin-user ip=None user_agent=
INFO 2026-06-22 00:54:08,917 signals 20704 19908 SUCCESSFUL_LOGIN: username=app-admin ip=None user_agent=
INFO 2026-06-22 00:54:10,703 signals 20704 19908 SUCCESSFUL_LOGIN: username=employee ip=None user_agent=
INFO 2026-06-22 00:54:10,707 signals 20704 19908 SUCCESSFUL_LOGIN: username=app-admin ip=None user_agent=
INFO 2026-06-22 00:54:12,486 signals 20704 19908 SUCCESSFUL_LOGIN: username=employee ip=None user_agent=
INFO 2026-06-22 00:54:14,339 signals 20704 19908 SUCCESSFUL_LOGIN: username=employee ip=None user_agent=
INFO 2026-06-22 00:54:16,175 signals 20704 19908 SUCCESSFUL_LOGIN: username=employee ip=None user_agent=
INFO 2026-06-22 00:54:17,966 signals 20704 19908 SUCCESSFUL_LOGIN: username=employee ip=None user_agent=
INFO 2026-06-22 00:54:19,710 signals 20704 19908 SUCCESSFUL_LOGIN: username=other ip=None user_agent=
INFO 2026-06-22 00:54:21,455 signals 20704 19908 SUCCESSFUL_LOGIN: username=other ip=None user_agent=
INFO 2026-06-22 00:54:23,179 signals 20704 19908 SUCCESSFUL_LOGIN: username=employee ip=None user_agent=
INFO 2026-06-22 00:54:26,627 signals 20704 19908 SUCCESSFUL_LOGIN: username=employee ip=None user_agent=
INFO 2026-06-22 00:54:26,637 signals 20704 19908 SUCCESSFUL_LOGIN: username=other ip=None user_agent=
INFO 2026-06-22 00:54:28,370 signals 20704 19908 SUCCESSFUL_LOGIN: username=employee ip=None user_agent=
INFO 2026-06-22 00:54:28,373 signals 20704 19908 SUCCESSFUL_LOGIN: username=support ip=None user_agent=
INFO 2026-06-22 00:54:31,818 signals 20704 19908 SUCCESSFUL_LOGIN: username=support ip=None user_agent=
INFO 2026-06-22 00:54:33,543 signals 20704 19908 SUCCESSFUL_LOGIN: username=support ip=None user_agent=
INFO 2026-06-22 00:54:37,023 signals 20704 19908 SUCCESSFUL_LOGIN: username=employee ip=None user_agent=
INFO 2026-06-22 00:54:37,046 signals 20704 19908 LOGOUT: username=employee ip=None user_agent=
INFO 2026-06-22 00:54:37,482 signals 20704 19908 SUCCESSFUL_LOGIN: username=django-admin ip=None user_agent=
INFO 2026-06-22 01:05:48,055 signals 19048 19800 SUCCESSFUL_LOGIN: username=support ip=None user_agent=
INFO 2026-06-22 01:05:50,715 signals 19048 19800 SUCCESSFUL_LOGIN: username=support ip=None user_agent=
INFO 2026-06-22 01:05:52,002 signals 19048 19800 SUCCESSFUL_LOGIN: username=employee ip=None user_agent=
INFO 2026-06-22 01:05:53,287 signals 19048 19800 SUCCESSFUL_LOGIN: username=employee ip=None user_agent=
INFO 2026-06-22 01:05:54,553 signals 19048 19800 SUCCESSFUL_LOGIN: username=support ip=None user_agent=
INFO 2026-06-22 01:05:55,858 signals 19048 19800 SUCCESSFUL_LOGIN: username=support ip=None user_agent=
INFO 2026-06-22 01:05:57,199 signals 19048 19800 SUCCESSFUL_LOGIN: username=support ip=None user_agent=
INFO 2026-06-22 01:05:58,520 signals 19048 19800 SUCCESSFUL_LOGIN: username=support ip=None user_agent=
INFO 2026-06-22 01:05:58,531 signals 19048 19800 SUCCESSFUL_LOGIN: username=admin-user ip=None user_agent=
INFO 2026-06-22 01:06:00,346 signals 19048 19800 SUCCESSFUL_LOGIN: username=app-admin ip=None user_agent=
INFO 2026-06-22 01:06:02,067 signals 19048 19800 SUCCESSFUL_LOGIN: username=employee ip=None user_agent=
INFO 2026-06-22 01:06:02,071 signals 19048 19800 SUCCESSFUL_LOGIN: username=app-admin ip=None user_agent=
INFO 2026-06-22 01:06:03,757 signals 19048 19800 SUCCESSFUL_LOGIN: username=employee ip=None user_agent=
INFO 2026-06-22 01:06:05,458 signals 19048 19800 SUCCESSFUL_LOGIN: username=employee ip=None user_agent=
INFO 2026-06-22 01:06:07,260 signals 19048 19800 SUCCESSFUL_LOGIN: username=employee ip=None user_agent=
INFO 2026-06-22 01:06:08,995 signals 19048 19800 SUCCESSFUL_LOGIN: username=employee ip=None user_agent=
INFO 2026-06-22 01:06:10,705 signals 19048 19800 SUCCESSFUL_LOGIN: username=other ip=None user_agent=
INFO 2026-06-22 01:06:12,461 signals 19048 19800 SUCCESSFUL_LOGIN: username=other ip=None user_agent=
INFO 2026-06-22 01:06:14,197 signals 19048 19800 SUCCESSFUL_LOGIN: username=employee ip=None user_agent=
INFO 2026-06-22 01:06:17,677 signals 19048 19800 SUCCESSFUL_LOGIN: username=employee ip=None user_agent=
INFO 2026-06-22 01:06:17,686 signals 19048 19800 SUCCESSFUL_LOGIN: username=other ip=None user_agent=
INFO 2026-06-22 01:06:19,370 signals 19048 19800 SUCCESSFUL_LOGIN: username=employee ip=None user_agent=
INFO 2026-06-22 01:06:19,374 signals 19048 19800 SUCCESSFUL_LOGIN: username=support ip=None user_agent=
INFO 2026-06-22 01:06:22,790 signals 19048 19800 SUCCESSFUL_LOGIN: username=support ip=None user_agent=
INFO 2026-06-22 01:06:24,471 signals 19048 19800 SUCCESSFUL_LOGIN: username=support ip=None user_agent=
INFO 2026-06-22 01:06:27,980 signals 19048 19800 SUCCESSFUL_LOGIN: username=employee ip=None user_agent=
INFO 2026-06-22 01:06:27,999 signals 19048 19800 LOGOUT: username=employee ip=None user_agent=
INFO 2026-06-22 01:06:28,441 signals 19048 19800 SUCCESSFUL_LOGIN: username=django-admin ip=None user_agent=
INFO 2026-06-22 01:14:17,541 signals 20812 16312 LOGOUT: username=admin ip=127.0.0.1 user_agent=Mozilla/5.0 (Windows NT 10.0; Win64; x64) AppleWebKit/537.36 (KHTML, like Gecko) Chrome/149.0.0.0 Safari/537.36
INFO 2026-06-22 01:14:27,863 signals 20812 16312 SUCCESSFUL_LOGIN: username=admin ip=127.0.0.1 user_agent=Mozilla/5.0 (Windows NT 10.0; Win64; x64) AppleWebKit/537.36 (KHTML, like Gecko) Chrome/149.0.0.0 Safari/537.36
INFO 2026-06-22 01:19:53,873 signals 6212 15636 SUCCESSFUL_LOGIN: username=support ip=None user_agent=
INFO 2026-06-22 01:19:57,847 signals 6212 15636 SUCCESSFUL_LOGIN: username=support ip=None user_agent=
INFO 2026-06-22 01:19:59,149 signals 6212 15636 SUCCESSFUL_LOGIN: username=employee ip=None user_agent=
INFO 2026-06-22 01:20:00,452 signals 6212 15636 SUCCESSFUL_LOGIN: username=employee ip=None user_agent=
INFO 2026-06-22 01:20:01,834 signals 6212 15636 SUCCESSFUL_LOGIN: username=support ip=None user_agent=
INFO 2026-06-22 01:20:03,150 signals 6212 15636 SUCCESSFUL_LOGIN: username=support ip=None user_agent=
INFO 2026-06-22 01:20:04,530 signals 6212 15636 SUCCESSFUL_LOGIN: username=support ip=None user_agent=
INFO 2026-06-22 01:20:05,809 signals 6212 15636 SUCCESSFUL_LOGIN: username=support ip=None user_agent=
INFO 2026-06-22 01:20:05,819 signals 6212 15636 SUCCESSFUL_LOGIN: username=admin-user ip=None user_agent=
INFO 2026-06-22 01:20:07,514 signals 6212 15636 SUCCESSFUL_LOGIN: username=app-admin ip=None user_agent=
INFO 2026-06-22 01:20:09,238 signals 6212 15636 SUCCESSFUL_LOGIN: username=employee ip=None user_agent=
INFO 2026-06-22 01:20:09,241 signals 6212 15636 SUCCESSFUL_LOGIN: username=app-admin ip=None user_agent=
INFO 2026-06-22 01:20:10,982 signals 6212 15636 SUCCESSFUL_LOGIN: username=employee ip=None user_agent=
INFO 2026-06-22 01:20:12,708 signals 6212 15636 SUCCESSFUL_LOGIN: username=employee ip=None user_agent=
INFO 2026-06-22 01:20:14,418 signals 6212 15636 SUCCESSFUL_LOGIN: username=employee ip=None user_agent=
INFO 2026-06-22 01:20:16,177 signals 6212 15636 SUCCESSFUL_LOGIN: username=employee ip=None user_agent=
INFO 2026-06-22 01:20:17,926 signals 6212 15636 SUCCESSFUL_LOGIN: username=other ip=None user_agent=
INFO 2026-06-22 01:20:19,765 signals 6212 15636 SUCCESSFUL_LOGIN: username=other ip=None user_agent=
INFO 2026-06-22 01:20:21,758 signals 6212 15636 SUCCESSFUL_LOGIN: username=employee ip=None user_agent=
INFO 2026-06-22 01:20:26,170 signals 6212 15636 SUCCESSFUL_LOGIN: username=employee ip=None user_agent=
INFO 2026-06-22 01:20:26,181 signals 6212 15636 SUCCESSFUL_LOGIN: username=other ip=None user_agent=
INFO 2026-06-22 01:20:28,217 signals 6212 15636 SUCCESSFUL_LOGIN: username=employee ip=None user_agent=
INFO 2026-06-22 01:20:28,223 signals 6212 15636 SUCCESSFUL_LOGIN: username=support ip=None user_agent=
INFO 2026-06-22 01:20:32,805 signals 6212 15636 SUCCESSFUL_LOGIN: username=support ip=None user_agent=
INFO 2026-06-22 01:20:34,340 signals 11692 20028 LOGOUT: username=vishnu ip=127.0.0.1 user_agent=Mozilla/5.0 (Windows NT 10.0; Win64; x64) AppleWebKit/537.36 (KHTML, like Gecko) Chrome/149.0.0.0 Safari/537.36
INFO 2026-06-22 01:20:34,896 signals 6212 15636 SUCCESSFUL_LOGIN: username=support ip=None user_agent=
INFO 2026-06-22 01:20:38,958 signals 6212 15636 SUCCESSFUL_LOGIN: username=employee ip=None user_agent=
INFO 2026-06-22 01:20:38,978 signals 6212 15636 LOGOUT: username=employee ip=None user_agent=
INFO 2026-06-22 01:20:39,461 signals 6212 15636 SUCCESSFUL_LOGIN: username=django-admin ip=None user_agent=
INFO 2026-06-22 01:20:46,955 signals 11692 20028 SUCCESSFUL_LOGIN: username=admin ip=127.0.0.1 user_agent=Mozilla/5.0 (Windows NT 10.0; Win64; x64) AppleWebKit/537.36 (KHTML, like Gecko) Chrome/149.0.0.0 Safari/537.36
INFO 2026-06-22 01:21:02,367 signals 17236 20020 SUCCESSFUL_LOGIN: username=support ip=None user_agent=
INFO 2026-06-22 01:21:03,740 signals 17236 20020 SUCCESSFUL_LOGIN: username=support ip=None user_agent=
INFO 2026-06-22 01:21:06,382 signals 17236 20020 SUCCESSFUL_LOGIN: username=support ip=None user_agent=
INFO 2026-06-22 01:21:07,776 signals 17236 20020 SUCCESSFUL_LOGIN: username=employee ip=None user_agent=
INFO 2026-06-22 01:21:09,093 signals 17236 20020 SUCCESSFUL_LOGIN: username=employee ip=None user_agent=
INFO 2026-06-22 01:21:10,412 signals 17236 20020 SUCCESSFUL_LOGIN: username=support ip=None user_agent=
INFO 2026-06-22 01:21:11,733 signals 17236 20020 SUCCESSFUL_LOGIN: username=support ip=None user_agent=
INFO 2026-06-22 01:21:13,097 signals 17236 20020 SUCCESSFUL_LOGIN: username=support ip=None user_agent=
INFO 2026-06-22 01:21:14,388 signals 17236 20020 SUCCESSFUL_LOGIN: username=support ip=None user_agent=
INFO 2026-06-22 01:21:14,398 signals 17236 20020 SUCCESSFUL_LOGIN: username=admin-user ip=None user_agent=
INFO 2026-06-22 01:21:16,140 signals 17236 20020 SUCCESSFUL_LOGIN: username=app-admin ip=None user_agent=
INFO 2026-06-22 01:21:17,878 signals 17236 20020 SUCCESSFUL_LOGIN: username=employee ip=None user_agent=
INFO 2026-06-22 01:21:17,881 signals 17236 20020 SUCCESSFUL_LOGIN: username=app-admin ip=None user_agent=
INFO 2026-06-22 01:21:19,597 signals 17236 20020 SUCCESSFUL_LOGIN: username=employee ip=None user_agent=
INFO 2026-06-22 01:21:21,380 signals 17236 20020 SUCCESSFUL_LOGIN: username=employee ip=None user_agent=
INFO 2026-06-22 01:21:23,153 signals 17236 20020 SUCCESSFUL_LOGIN: username=employee ip=None user_agent=
INFO 2026-06-22 01:21:25,043 signals 17236 20020 SUCCESSFUL_LOGIN: username=employee ip=None user_agent=
INFO 2026-06-22 01:21:27,092 signals 17236 20020 SUCCESSFUL_LOGIN: username=other ip=None user_agent=
INFO 2026-06-22 01:21:28,919 signals 17236 20020 SUCCESSFUL_LOGIN: username=other ip=None user_agent=
INFO 2026-06-22 01:21:30,908 signals 17236 20020 SUCCESSFUL_LOGIN: username=employee ip=None user_agent=
INFO 2026-06-22 01:21:34,541 signals 17236 20020 SUCCESSFUL_LOGIN: username=employee ip=None user_agent=
INFO 2026-06-22 01:21:34,549 signals 17236 20020 SUCCESSFUL_LOGIN: username=other ip=None user_agent=
INFO 2026-06-22 01:21:36,515 signals 17236 20020 SUCCESSFUL_LOGIN: username=employee ip=None user_agent=
INFO 2026-06-22 01:21:36,519 signals 17236 20020 SUCCESSFUL_LOGIN: username=support ip=None user_agent=
INFO 2026-06-22 01:21:40,648 signals 17236 20020 SUCCESSFUL_LOGIN: username=support ip=None user_agent=
INFO 2026-06-22 01:21:42,655 signals 17236 20020 SUCCESSFUL_LOGIN: username=support ip=None user_agent=
INFO 2026-06-22 01:21:46,854 signals 17236 20020 SUCCESSFUL_LOGIN: username=employee ip=None user_agent=
INFO 2026-06-22 01:21:46,877 signals 17236 20020 LOGOUT: username=employee ip=None user_agent=
INFO 2026-06-22 01:21:47,375 signals 17236 20020 SUCCESSFUL_LOGIN: username=django-admin ip=None user_agent=
INFO 2026-06-22 01:23:05,973 signals 11692 20028 LOGOUT: username=admin ip=127.0.0.1 user_agent=Mozilla/5.0 (Windows NT 10.0; Win64; x64) AppleWebKit/537.36 (KHTML, like Gecko) Chrome/149.0.0.0 Safari/537.36
INFO 2026-06-22 01:23:29,473 signals 11692 20028 SUCCESSFUL_LOGIN: username=admin ip=127.0.0.1 user_agent=Mozilla/5.0 (Windows NT 10.0; Win64; x64) AppleWebKit/537.36 (KHTML, like Gecko) Chrome/149.0.0.0 Safari/537.36
INFO 2026-06-26 22:49:00,858 signals 17636 10812 LOGOUT: username=admin ip=127.0.0.1 user_agent=Mozilla/5.0 (Windows NT 10.0; Win64; x64) AppleWebKit/537.36 (KHTML, like Gecko) Chrome/149.0.0.0 Safari/537.36
INFO 2026-06-26 22:55:02,244 signals 16348 988 SUCCESSFUL_LOGIN: username=admin_user ip=None user_agent=
INFO 2026-06-26 22:55:02,651 signals 16348 988 SUCCESSFUL_LOGIN: username=support_user ip=None user_agent=
INFO 2026-06-26 22:55:03,059 signals 16348 988 SUCCESSFUL_LOGIN: username=employee_user ip=None user_agent=
INFO 2026-06-26 22:55:04,735 signals 16348 988 SUCCESSFUL_LOGIN: username=admin_user ip=None user_agent=
INFO 2026-06-26 22:55:05,171 signals 16348 988 SUCCESSFUL_LOGIN: username=support_user ip=None user_agent=
INFO 2026-06-26 22:55:05,586 signals 16348 988 SUCCESSFUL_LOGIN: username=employee_user ip=None user_agent=
INFO 2026-06-26 22:55:07,258 signals 16348 988 SUCCESSFUL_LOGIN: username=admin_user ip=None user_agent=
INFO 2026-06-26 22:55:07,666 signals 16348 988 SUCCESSFUL_LOGIN: username=support_user ip=None user_agent=
INFO 2026-06-26 22:55:08,095 signals 16348 988 SUCCESSFUL_LOGIN: username=employee_user ip=None user_agent=
INFO 2026-06-26 22:55:09,806 signals 16348 988 SUCCESSFUL_LOGIN: username=admin_user ip=None user_agent=
INFO 2026-06-26 22:55:10,215 signals 16348 988 SUCCESSFUL_LOGIN: username=support_user ip=None user_agent=
INFO 2026-06-26 22:55:10,625 signals 16348 988 SUCCESSFUL_LOGIN: username=employee_user ip=None user_agent=
INFO 2026-06-26 22:55:12,349 signals 16348 988 SUCCESSFUL_LOGIN: username=admin_user ip=None user_agent=
INFO 2026-06-26 22:55:12,758 signals 16348 988 SUCCESSFUL_LOGIN: username=support_user ip=None user_agent=
INFO 2026-06-26 22:55:13,192 signals 16348 988 SUCCESSFUL_LOGIN: username=employee_user ip=None user_agent=
INFO 2026-06-26 22:55:14,869 signals 16348 988 SUCCESSFUL_LOGIN: username=admin_user ip=None user_agent=
INFO 2026-06-26 22:55:15,281 signals 16348 988 SUCCESSFUL_LOGIN: username=support_user ip=None user_agent=
INFO 2026-06-26 22:55:15,690 signals 16348 988 SUCCESSFUL_LOGIN: username=employee_user ip=None user_agent=
INFO 2026-06-26 22:55:22,389 signals 10324 11860 SUCCESSFUL_LOGIN: username=support ip=None user_agent=
INFO 2026-06-26 22:55:23,758 signals 10324 11860 SUCCESSFUL_LOGIN: username=support ip=None user_agent=
INFO 2026-06-26 22:55:26,257 signals 10324 11860 SUCCESSFUL_LOGIN: username=support ip=None user_agent=
INFO 2026-06-26 22:55:27,488 signals 10324 11860 SUCCESSFUL_LOGIN: username=employee ip=None user_agent=
INFO 2026-06-26 22:55:28,747 signals 10324 11860 SUCCESSFUL_LOGIN: username=employee ip=None user_agent=
INFO 2026-06-26 22:55:30,020 signals 10324 11860 SUCCESSFUL_LOGIN: username=support ip=None user_agent=
INFO 2026-06-26 22:55:31,239 signals 10324 11860 SUCCESSFUL_LOGIN: username=support ip=None user_agent=
INFO 2026-06-26 22:55:32,575 signals 10324 11860 SUCCESSFUL_LOGIN: username=support ip=None user_agent=
INFO 2026-06-26 22:55:33,835 signals 10324 11860 SUCCESSFUL_LOGIN: username=support ip=None user_agent=
INFO 2026-06-26 22:55:33,843 signals 10324 11860 SUCCESSFUL_LOGIN: username=admin-user ip=None user_agent=
INFO 2026-06-26 22:55:35,471 signals 10324 11860 SUCCESSFUL_LOGIN: username=admin_user ip=None user_agent=
INFO 2026-06-26 22:55:35,875 signals 10324 11860 SUCCESSFUL_LOGIN: username=support_user ip=None user_agent=
INFO 2026-06-26 22:55:36,280 signals 10324 11860 SUCCESSFUL_LOGIN: username=employee_user ip=None user_agent=
INFO 2026-06-26 22:55:37,899 signals 10324 11860 SUCCESSFUL_LOGIN: username=admin_user ip=None user_agent=
INFO 2026-06-26 22:55:38,309 signals 10324 11860 SUCCESSFUL_LOGIN: username=support_user ip=None user_agent=
INFO 2026-06-26 22:55:38,720 signals 10324 11860 SUCCESSFUL_LOGIN: username=employee_user ip=None user_agent=
INFO 2026-06-26 22:55:40,346 signals 10324 11860 SUCCESSFUL_LOGIN: username=admin_user ip=None user_agent=
INFO 2026-06-26 22:55:40,754 signals 10324 11860 SUCCESSFUL_LOGIN: username=support_user ip=None user_agent=
INFO 2026-06-26 22:55:41,156 signals 10324 11860 SUCCESSFUL_LOGIN: username=employee_user ip=None user_agent=
INFO 2026-06-26 22:55:42,801 signals 10324 11860 SUCCESSFUL_LOGIN: username=admin_user ip=None user_agent=
INFO 2026-06-26 22:55:43,206 signals 10324 11860 SUCCESSFUL_LOGIN: username=support_user ip=None user_agent=
INFO 2026-06-26 22:55:43,612 signals 10324 11860 SUCCESSFUL_LOGIN: username=employee_user ip=None user_agent=
INFO 2026-06-26 22:55:45,236 signals 10324 11860 SUCCESSFUL_LOGIN: username=admin_user ip=None user_agent=
INFO 2026-06-26 22:55:45,641 signals 10324 11860 SUCCESSFUL_LOGIN: username=support_user ip=None user_agent=
INFO 2026-06-26 22:55:46,050 signals 10324 11860 SUCCESSFUL_LOGIN: username=employee_user ip=None user_agent=
INFO 2026-06-26 22:55:47,662 signals 10324 11860 SUCCESSFUL_LOGIN: username=admin_user ip=None user_agent=
INFO 2026-06-26 22:55:48,071 signals 10324 11860 SUCCESSFUL_LOGIN: username=support_user ip=None user_agent=
INFO 2026-06-26 22:55:48,480 signals 10324 11860 SUCCESSFUL_LOGIN: username=employee_user ip=None user_agent=
INFO 2026-06-26 22:55:50,127 signals 10324 11860 SUCCESSFUL_LOGIN: username=app-admin ip=None user_agent=
INFO 2026-06-26 22:55:51,821 signals 10324 11860 SUCCESSFUL_LOGIN: username=employee ip=None user_agent=
INFO 2026-06-26 22:55:51,824 signals 10324 11860 SUCCESSFUL_LOGIN: username=app-admin ip=None user_agent=
INFO 2026-06-26 22:55:53,466 signals 10324 11860 SUCCESSFUL_LOGIN: username=employee ip=None user_agent=
INFO 2026-06-26 22:55:55,108 signals 10324 11860 SUCCESSFUL_LOGIN: username=employee ip=None user_agent=
INFO 2026-06-26 22:55:56,726 signals 10324 11860 SUCCESSFUL_LOGIN: username=employee ip=None user_agent=
INFO 2026-06-26 22:55:58,383 signals 10324 11860 SUCCESSFUL_LOGIN: username=employee ip=None user_agent=
INFO 2026-06-26 22:56:00,065 signals 10324 11860 SUCCESSFUL_LOGIN: username=other ip=None user_agent=
INFO 2026-06-26 22:56:01,692 signals 10324 11860 SUCCESSFUL_LOGIN: username=other ip=None user_agent=
INFO 2026-06-26 22:56:03,352 signals 10324 11860 SUCCESSFUL_LOGIN: username=employee ip=None user_agent=
INFO 2026-06-26 22:56:06,665 signals 10324 11860 SUCCESSFUL_LOGIN: username=employee ip=None user_agent=
INFO 2026-06-26 22:56:06,672 signals 10324 11860 SUCCESSFUL_LOGIN: username=other ip=None user_agent=
INFO 2026-06-26 22:56:08,339 signals 10324 11860 SUCCESSFUL_LOGIN: username=employee ip=None user_agent=
INFO 2026-06-26 22:56:08,343 signals 10324 11860 SUCCESSFUL_LOGIN: username=support ip=None user_agent=
INFO 2026-06-26 22:56:11,617 signals 10324 11860 SUCCESSFUL_LOGIN: username=support ip=None user_agent=
INFO 2026-06-26 22:56:13,230 signals 10324 11860 SUCCESSFUL_LOGIN: username=support ip=None user_agent=
INFO 2026-06-26 22:56:16,511 signals 10324 11860 SUCCESSFUL_LOGIN: username=employee ip=None user_agent=
INFO 2026-06-26 22:56:16,531 signals 10324 11860 LOGOUT: username=employee ip=None user_agent=
INFO 2026-06-26 22:56:16,946 signals 10324 11860 SUCCESSFUL_LOGIN: username=django-admin ip=None user_agent=
INFO 2026-06-26 22:57:28,017 signals 3540 1732 SUCCESSFUL_LOGIN: username=admin ip=127.0.0.1 user_agent=Mozilla/5.0 (Windows NT 10.0; Win64; x64) AppleWebKit/537.36 (KHTML, like Gecko) Chrome/149.0.0.0 Safari/537.36
INFO 2026-06-26 23:31:38,003 signals 1036 18304 LOGOUT: username=admin ip=127.0.0.1 user_agent=Mozilla/5.0 (Windows NT 10.0; Win64; x64) AppleWebKit/537.36 (KHTML, like Gecko) Chrome/149.0.0.0 Safari/537.36
INFO 2026-06-26 23:32:02,375 signals 3540 14840 SUCCESSFUL_LOGIN: username=vishnu ip=127.0.0.1 user_agent=Mozilla/5.0 (Windows NT 10.0; Win64; x64) AppleWebKit/537.36 (KHTML, like Gecko) Chrome/149.0.0.0 Safari/537.36
INFO 2026-06-26 23:32:02,778 signals 3540 12992 SUCCESSFUL_LOGIN: username=vishnu ip=127.0.0.1 user_agent=Mozilla/5.0 (Windows NT 10.0; Win64; x64) AppleWebKit/537.36 (KHTML, like Gecko) Chrome/149.0.0.0 Safari/537.36
